    1  pwd
    2  sudo passwd
    3  passwd
    4  git clone https://github.com/matzeschmo/worksheet1.git
    5  cd worksheet1/
    6  history > cmds.log
    7  cat cmds.log 
    8  git add cmds.log 
    9  git commit -m "commit for worksheet 1"
   10  git config --global user.email "mathias.schmolli@sjsu.edu"
   11  git config --global user.name "Mathias Schmolli"
   12  git commit -m "commit for worksheet 1"
   13  git push
   14  ssh-keygen -t ed25519 -C "m.schmolli@student.tugraz.at"
   15  cd
   16  cd worksheet1/
   17  ls
   18  rm github github.pub 
   19  ls
   20  cd
   21  ssh-keygen -t ed25519 -C "m.schmolli@student.tugraz.at"
   22  ssh-add .ssh/id_ed25519
   23  eval "$(ssh-agent -s)"
   24  ssh-add .ssh/id_ed25519
   25  cd .ssh/
   26  cat id_ed25519.pub 
   27  cd
   28  cd worksheet1/
   29  git push
   30  cd
   31  rm -r worksheet1
   32  ls
   33  cd worksheet1/
   34  ls
   35  cd
   36  rm worksheet1
   37  rm -r worksheet1
   38  ls
   39  rm -r worksheet1
   40  ls
   41  git clone git@github.com:matzeschmo/worksheet1.git
   42  cd
   43  cd worksheet1/
   44  ls
   45  history > cmds.log
